2016-11-26 18:01:49.316 [main] INFO  hu.elte.inetsense.common.service.configuration.BaseConfigurationProvider - Initializing configuration...
2016-11-26 18:01:49.387 [main] INFO  hu.elte.inetsense.common.service.configuration.BaseConfigurationProvider - Loading configuration from http://null:0/configuration.properties
2016-11-26 18:01:51.686 [main] FATAL hu.elte.inetsense.common.service.configuration.BaseConfigurationProvider - Unable to initialize configuration!
org.apache.commons.configuration2.ex.ConfigurationException: Unable to load the configuration from the URL http://null:0/configuration.properties
	at org.apache.commons.configuration2.io.DefaultFileSystem.getInputStream(DefaultFileSystem.java:56) ~[commons-configuration2-2.0.jar:2.0]
	at org.apache.commons.configuration2.io.FileHandler.load(FileHandler.java:989) ~[commons-configuration2-2.0.jar:2.0]
	at org.apache.commons.configuration2.io.FileHandler.load(FileHandler.java:973) ~[commons-configuration2-2.0.jar:2.0]
	at org.apache.commons.configuration2.io.FileHandler.load(FileHandler.java:702) ~[commons-configuration2-2.0.jar:2.0]
	at org.apache.commons.configuration2.builder.FileBasedConfigurationBuilder.initFileHandler(FileBasedConfigurationBuilder.java:312) ~[commons-configuration2-2.0.jar:2.0]
	at org.apache.commons.configuration2.builder.FileBasedConfigurationBuilder.initResultInstance(FileBasedConfigurationBuilder.java:291) ~[commons-configuration2-2.0.jar:2.0]
	at org.apache.commons.configuration2.builder.FileBasedConfigurationBuilder.initResultInstance(FileBasedConfigurationBuilder.java:60) ~[commons-configuration2-2.0.jar:2.0]
	at org.apache.commons.configuration2.builder.BasicConfigurationBuilder.createResult(BasicConfigurationBuilder.java:421) ~[commons-configuration2-2.0.jar:2.0]
	at org.apache.commons.configuration2.builder.BasicConfigurationBuilder.getConfiguration(BasicConfigurationBuilder.java:285) ~[commons-configuration2-2.0.jar:2.0]
	at hu.elte.inetsense.common.service.configuration.BaseConfigurationProvider.loadConfigurationFromURL(BaseConfigurationProvider.java:65) ~[classes/:?]
	at hu.elte.inetsense.common.service.configuration.ConfigurationProvider.loadDefaultConfiguration(ConfigurationProvider.java:41) ~[classes/:?]
	at hu.elte.inetsense.upload.service.UploadServerConfigurationProvider.doLoadConfiguration(UploadServerConfigurationProvider.java:21) ~[classes/:?]
	at hu.elte.inetsense.common.service.configuration.BaseConfigurationProvider.loadConfiguration(BaseConfigurationProvider.java:32) [classes/:?]
	at hu.elte.inetsense.upload.service.UploadServerConfigurationProvider.loadConfiguration(UploadServerConfigurationProvider.java:16) [classes/:?]
	at sun.reflect.NativeMethodAccessorImpl.invoke0(Native Method) ~[?:1.8.0_72]
	at sun.reflect.NativeMethodAccessorImpl.invoke(NativeMethodAccessorImpl.java:62) ~[?:1.8.0_72]
	at sun.reflect.DelegatingMethodAccessorImpl.invoke(DelegatingMethodAccessorImpl.java:43) ~[?:1.8.0_72]
	at java.lang.reflect.Method.invoke(Method.java:498) ~[?:1.8.0_72]
	at org.springframework.beans.factory.annotation.InitDestroyAnnotationBeanPostProcessor$LifecycleElement.invoke(InitDestroyAnnotationBeanPostProcessor.java:365) [spring-beans-4.3.3.RELEASE.jar:4.3.3.RELEASE]
	at org.springframework.beans.factory.annotation.InitDestroyAnnotationBeanPostProcessor$LifecycleMetadata.invokeInitMethods(InitDestroyAnnotationBeanPostProcessor.java:310) [spring-beans-4.3.3.RELEASE.jar:4.3.3.RELEASE]
	at org.springframework.beans.factory.annotation.InitDestroyAnnotationBeanPostProcessor.postProcessBeforeInitialization(InitDestroyAnnotationBeanPostProcessor.java:133) [spring-beans-4.3.3.RELEASE.jar:4.3.3.RELEASE]
	at org.springframework.beans.factory.support.AbstractAutowireCapableBeanFactory.applyBeanPostProcessorsBeforeInitialization(AbstractAutowireCapableBeanFactory.java:408) [spring-beans-4.3.3.RELEASE.jar:4.3.3.RELEASE]
	at org.springframework.beans.factory.support.AbstractAutowireCapableBeanFactory.initializeBean(AbstractAutowireCapableBeanFactory.java:1575) [spring-beans-4.3.3.RELEASE.jar:4.3.3.RELEASE]
	at org.springframework.beans.factory.support.AbstractAutowireCapableBeanFactory.doCreateBean(AbstractAutowireCapableBeanFactory.java:545) [spring-beans-4.3.3.RELEASE.jar:4.3.3.RELEASE]
	at org.springframework.beans.factory.support.AbstractAutowireCapableBeanFactory.createBean(AbstractAutowireCapableBeanFactory.java:482) [spring-beans-4.3.3.RELEASE.jar:4.3.3.RELEASE]
	at org.springframework.beans.factory.support.AbstractBeanFactory$1.getObject(AbstractBeanFactory.java:306) [spring-beans-4.3.3.RELEASE.jar:4.3.3.RELEASE]
	at org.springframework.beans.factory.support.DefaultSingletonBeanRegistry.getSingleton(DefaultSingletonBeanRegistry.java:230) [spring-beans-4.3.3.RELEASE.jar:4.3.3.RELEASE]
	at org.springframework.beans.factory.support.AbstractBeanFactory.doGetBean(AbstractBeanFactory.java:302) [spring-beans-4.3.3.RELEASE.jar:4.3.3.RELEASE]
	at org.springframework.beans.factory.support.AbstractBeanFactory.getBean(AbstractBeanFactory.java:202) [spring-beans-4.3.3.RELEASE.jar:4.3.3.RELEASE]
	at org.springframework.beans.factory.config.DependencyDescriptor.resolveCandidate(DependencyDescriptor.java:207) [spring-beans-4.3.3.RELEASE.jar:4.3.3.RELEASE]
	at org.springframework.beans.factory.support.DefaultListableBeanFactory.doResolveDependency(DefaultListableBeanFactory.java:1128) [spring-beans-4.3.3.RELEASE.jar:4.3.3.RELEASE]
	at org.springframework.beans.factory.support.DefaultListableBeanFactory.resolveDependency(DefaultListableBeanFactory.java:1056) [spring-beans-4.3.3.RELEASE.jar:4.3.3.RELEASE]
	at org.springframework.beans.factory.annotation.AutowiredAnnotationBeanPostProcessor$AutowiredFieldElement.inject(AutowiredAnnotationBeanPostProcessor.java:566) [spring-beans-4.3.3.RELEASE.jar:4.3.3.RELEASE]
	at org.springframework.beans.factory.annotation.InjectionMetadata.inject(InjectionMetadata.java:88) [spring-beans-4.3.3.RELEASE.jar:4.3.3.RELEASE]
	at org.springframework.beans.factory.annotation.AutowiredAnnotationBeanPostProcessor.postProcessPropertyValues(AutowiredAnnotationBeanPostProcessor.java:349) [spring-beans-4.3.3.RELEASE.jar:4.3.3.RELEASE]
	at org.springframework.beans.factory.support.AbstractAutowireCapableBeanFactory.populateBean(AbstractAutowireCapableBeanFactory.java:1219) [spring-beans-4.3.3.RELEASE.jar:4.3.3.RELEASE]
	at org.springframework.beans.factory.support.AbstractAutowireCapableBeanFactory.doCreateBean(AbstractAutowireCapableBeanFactory.java:543) [spring-beans-4.3.3.RELEASE.jar:4.3.3.RELEASE]
	at org.springframework.beans.factory.support.AbstractAutowireCapableBeanFactory.createBean(AbstractAutowireCapableBeanFactory.java:482) [spring-beans-4.3.3.RELEASE.jar:4.3.3.RELEASE]
	at org.springframework.beans.factory.support.AbstractBeanFactory$1.getObject(AbstractBeanFactory.java:306) [spring-beans-4.3.3.RELEASE.jar:4.3.3.RELEASE]
	at org.springframework.beans.factory.support.DefaultSingletonBeanRegistry.getSingleton(DefaultSingletonBeanRegistry.java:230) [spring-beans-4.3.3.RELEASE.jar:4.3.3.RELEASE]
	at org.springframework.beans.factory.support.AbstractBeanFactory.doGetBean(AbstractBeanFactory.java:302) [spring-beans-4.3.3.RELEASE.jar:4.3.3.RELEASE]
	at org.springframework.beans.factory.support.AbstractBeanFactory.getBean(AbstractBeanFactory.java:197) [spring-beans-4.3.3.RELEASE.jar:4.3.3.RELEASE]
	at org.springframework.beans.factory.support.DefaultListableBeanFactory.preInstantiateSingletons(DefaultListableBeanFactory.java:751) [spring-beans-4.3.3.RELEASE.jar:4.3.3.RELEASE]
	at org.springframework.context.support.AbstractApplicationContext.finishBeanFactoryInitialization(AbstractApplicationContext.java:861) [spring-context-4.3.3.RELEASE.jar:4.3.3.RELEASE]
	at org.springframework.context.support.AbstractApplicationContext.refresh(AbstractApplicationContext.java:541) [spring-context-4.3.3.RELEASE.jar:4.3.3.RELEASE]
	at org.springframework.context.annotation.AnnotationConfigApplicationContext.<init>(AnnotationConfigApplicationContext.java:84) [spring-context-4.3.3.RELEASE.jar:4.3.3.RELEASE]
	at hu.elte.inetsense.upload.UploadServerLauncher.main(UploadServerLauncher.java:11) [classes/:?]
Caused by: java.net.UnknownHostException: null
	at java.net.AbstractPlainSocketImpl.connect(AbstractPlainSocketImpl.java:184) ~[?:1.8.0_72]
	at java.net.PlainSocketImpl.connect(PlainSocketImpl.java:172) ~[?:1.8.0_72]
	at java.net.SocksSocketImpl.connect(SocksSocketImpl.java:392) ~[?:1.8.0_72]
	at java.net.Socket.connect(Socket.java:589) ~[?:1.8.0_72]
	at java.net.Socket.connect(Socket.java:538) ~[?:1.8.0_72]
	at sun.net.NetworkClient.doConnect(NetworkClient.java:180) ~[?:1.8.0_72]
	at sun.net.www.http.HttpClient.openServer(HttpClient.java:432) ~[?:1.8.0_72]
	at sun.net.www.http.HttpClient.openServer(HttpClient.java:527) ~[?:1.8.0_72]
	at sun.net.www.http.HttpClient.<init>(HttpClient.java:211) ~[?:1.8.0_72]
	at sun.net.www.http.HttpClient.New(HttpClient.java:308) ~[?:1.8.0_72]
	at sun.net.www.http.HttpClient.New(HttpClient.java:326) ~[?:1.8.0_72]
	at sun.net.www.protocol.http.HttpURLConnection.getNewHttpClient(HttpURLConnection.java:1169) ~[?:1.8.0_72]
	at sun.net.www.protocol.http.HttpURLConnection.plainConnect0(HttpURLConnection.java:1105) ~[?:1.8.0_72]
	at sun.net.www.protocol.http.HttpURLConnection.plainConnect(HttpURLConnection.java:999) ~[?:1.8.0_72]
	at sun.net.www.protocol.http.HttpURLConnection.connect(HttpURLConnection.java:933) ~[?:1.8.0_72]
	at sun.net.www.protocol.http.HttpURLConnection.getInputStream0(HttpURLConnection.java:1513) ~[?:1.8.0_72]
	at sun.net.www.protocol.http.HttpURLConnection.getInputStream(HttpURLConnection.java:1441) ~[?:1.8.0_72]
	at java.net.URL.openStream(URL.java:1045) ~[?:1.8.0_72]
	at org.apache.commons.configuration2.io.DefaultFileSystem.getInputStream(DefaultFileSystem.java:52) ~[commons-configuration2-2.0.jar:2.0]
	... 46 more
2016-11-26 18:01:51.819 [main] INFO  hu.elte.inetsense.upload.controller.UploadServerController - ====================== INETSENSE UPLOAD SERVER ======================
2016-11-26 18:01:51.819 [main] INFO  hu.elte.inetsense.upload.controller.UploadServerController - Starting InetSense Probe application
2016-11-26 18:01:51.819 [main] INFO  hu.elte.inetsense.upload.controller.UploadServerController - Version: null
2016-11-26 18:01:51.820 [main] INFO  hu.elte.inetsense.upload.controller.UploadServerController - Built on: null
2016-11-26 18:01:51.820 [main] INFO  hu.elte.inetsense.upload.controller.UploadServerController - Java Version: 1.8.0_72
2016-11-26 18:01:51.820 [main] INFO  hu.elte.inetsense.upload.controller.UploadServerController - OS: Windows 7
2016-11-26 18:01:51.820 [main] INFO  hu.elte.inetsense.upload.controller.UploadServerController - Upload server port: 8888
2016-11-26 18:01:51.820 [main] INFO  hu.elte.inetsense.upload.controller.UploadServerController - =====================================================================
2016-11-26 18:01:51.822 [main] ERROR hu.elte.inetsense.upload.controller.UploadServerController - java.net.BindException: Address already in use: JVM_Bind
2016-11-26 18:01:51.825 [Thread-1] INFO  hu.elte.inetsense.upload.service.UploadServer - Predestroy closing socket....
